[2026-04-22 00:12:29,336] multiqc                                            [DEBUG  ]  This is MultiQC v1.18
[2026-04-22 00:12:29,339] multiqc                                            [DEBUG  ]  Command used: /home/rpita/miniconda3/envs/rnaseq_stroke/bin/multiqc /mnt/c/Users/arpit/Desktop/Genomics_project/data/qc/fastqc_raw --outdir /mnt/c/Users/arpit/Desktop/Genomics_project/data/qc --filename multiqc_raw_report --title GSE122709 Raw Read QC --force
[2026-04-22 00:12:30,900] multiqc                                            [WARNING]  MultiQC Version v1.34 now available!
[2026-04-22 00:12:30,901] multiqc                                            [DEBUG  ]  Working dir : /mnt/c/Users/arpit/Desktop/Genomics_project
[2026-04-22 00:12:30,901] multiqc                                            [DEBUG  ]  Template    : default
[2026-04-22 00:12:30,901] multiqc                                            [DEBUG  ]  Running Python 3.10.14 | packaged by conda-forge | (main, Mar 20 2024, 12:45:18) [GCC 12.3.0]
[2026-04-22 00:12:30,901] multiqc                                            [INFO   ]  Report title: GSE122709 Raw Read QC
[2026-04-22 00:12:30,901] multiqc                                            [DEBUG  ]  Analysing modules: custom_content, ccs, ngsderive, purple, conpair, lima, peddy, somalier, methylQA, mosdepth, phantompeakqualtools, qualimap, preseq, hifiasm, quast, qorts, rna_seqc, rockhopper, rsem, rseqc, busco, bustools, goleft_indexcov, gffcompare, disambiguate, supernova, deeptools, sargasso, verifybamid, mirtrace, happy, mirtop, sambamba, gopeaks, homer, hops, macs2, theta2, snpeff, gatk, htseq, bcftools, featureCounts, fgbio, dragen, dragen_fastqc, dedup, pbmarkdup, damageprofiler, mapdamage, biobambam2, jcvi, mtnucratio, picard, vep, bakta, prokka, qc3C, nanostat, samblaster, samtools, sexdeterrmine, seqera_cli, eigenstratdatabasetools, bamtools, jellyfish, vcftools, longranger, stacks, varscan2, snippy, umitools, truvari, bbmap, bismark, biscuit, diamond, hicexplorer, hicup, hicpro, salmon, kallisto, slamdunk, star, hisat2, tophat, bowtie2, bowtie1, cellranger, snpsplit, odgi, pangolin, nextclade, freyja, humid, kat, leehom, librarian, adapterRemoval, bbduk, clipandmerge, cutadapt, flexbar, sourmash, kaiju, bracken, kraken, malt, motus, trimmomatic, sickle, skewer, sortmerna, biobloomtools, fastq_screen, afterqc, fastp, fastqc, filtlong, prinseqplusplus, pychopper, porechop, pycoqc, minionqc, anglerfish, multivcfanalyzer, clusterflow, checkqc, bcl2fastq, bclconvert, interop, ivar, flash, seqyclean, optitype, whatshap, xenome, xengsort
[2026-04-22 00:12:30,924] multiqc                                            [DEBUG  ]  Using temporary directory for creating report: /tmp/tmpkk5jwm0h
[2026-04-22 00:12:30,931] multiqc                                            [INFO   ]  Search path : /mnt/c/Users/arpit/Desktop/Genomics_project/data/qc/fastqc_raw
[2026-04-22 00:12:31,896] multiqc                                            [DEBUG  ]  Summary of files that were skipped by the search: [skipped_module_specific_max_filesize: 360] // [skipped_no_match: 30]
[2026-04-22 00:12:32,477] multiqc.plots.bargraph                             [DEBUG  ]  Using matplotlib version 3.10.1
[2026-04-22 00:12:32,479] multiqc.plots.linegraph                            [DEBUG  ]  Using matplotlib version 3.10.1
[2026-04-22 00:12:32,480] multiqc                                            [DEBUG  ]  No samples found: custom_content
[2026-04-22 00:12:32,807] multiqc.modules.fastqc.fastqc                      [INFO   ]  Found 30 reports
[2026-04-22 00:12:32,857] multiqc.utils.software_versions                    [DEBUG  ]  Reading software versions from config.software_versions
[2026-04-22 00:12:32,876] multiqc                                            [DEBUG  ]  Compressing plot data
[2026-04-22 00:12:33,146] multiqc                                            [INFO   ]  Report      : data/qc/multiqc_raw_report.html
[2026-04-22 00:12:33,146] multiqc                                            [INFO   ]  Data        : data/qc/multiqc_raw_report_data
[2026-04-22 00:12:33,146] multiqc                                            [DEBUG  ]  Moving data file from '/tmp/tmpkk5jwm0h/multiqc_data' to '/mnt/c/Users/arpit/Desktop/Genomics_project/data/qc/multiqc_raw_report_data'
[2026-04-22 00:12:33,294] multiqc                                            [DEBUG  ]  Full report path: /mnt/c/Users/arpit/Desktop/Genomics_project/data/qc/multiqc_raw_report.html
[2026-04-22 00:12:33,402] multiqc                                            [INFO   ]  MultiQC complete
