nohup: ignoring input
=== HISAT2 Alignment to GRCh38 ===
    Index: /mnt/c/Users/arpit/Desktop/Genomics_project/data/reference/grch38/genome
    RAM usage: ~10GB (HISAT2 index ~8GB + overhead)
    Processing samples SEQUENTIALLY to manage 16GB RAM

--- Aligning: NC_6 (control) ---
  Mode: Paired-end
  Running HISAT2...
[bam_sort_core] merging from 3 files and 2 in-memory blocks...
  Indexing BAM...
  Flagstat...
  
  Done: NC_6

--- Aligning: NC_5 (control) ---
  Mode: Paired-end
  Running HISAT2...
[bam_sort_core] merging from 32 files and 2 in-memory blocks...
  Indexing BAM...
  Flagstat...
  
  Done: NC_5

--- Aligning: NC_4 (control) ---
  Mode: Paired-end
  Running HISAT2...
[bam_sort_core] merging from 32 files and 2 in-memory blocks...
  Indexing BAM...
  Flagstat...
  
  Done: NC_4

--- Aligning: NC_3 (control) ---
  Mode: Paired-end
  Running HISAT2...
[bam_sort_core] merging from 32 files and 2 in-memory blocks...
  Indexing BAM...
  Flagstat...
  
  Done: NC_3

--- Aligning: NC_1 (control) ---
  Mode: Paired-end
  Running HISAT2...
[bam_sort_core] merging from 4 files and 2 in-memory blocks...
  Indexing BAM...
  Flagstat...
  
  Done: NC_1

--- Aligning: D2_6 (stroke_d2) ---
  Mode: Paired-end
  Running HISAT2...
[bam_sort_core] merging from 32 files and 2 in-memory blocks...
  Indexing BAM...
  Flagstat...
  
  Done: D2_6

--- Aligning: D2_4 (stroke_d2) ---
  Mode: Paired-end
  Running HISAT2...
[bam_sort_core] merging from 6 files and 2 in-memory blocks...
  Indexing BAM...
  Flagstat...
  
  Done: D2_4

--- Aligning: D2_3 (stroke_d2) ---
  Mode: Paired-end
  Running HISAT2...
[bam_sort_core] merging from 32 files and 2 in-memory blocks...
  Indexing BAM...
  Flagstat...
  
  Done: D2_3

--- Aligning: D2_2 (stroke_d2) ---
  Mode: Paired-end
  Running HISAT2...
[bam_sort_core] merging from 1 files and 2 in-memory blocks...
  Indexing BAM...
  Flagstat...
  
  Done: D2_2

--- Aligning: D2_1 (stroke_d2) ---
  Mode: Paired-end
  Running HISAT2...
[bam_sort_core] merging from 2 files and 2 in-memory blocks...
  Indexing BAM...
  Flagstat...
  
  Done: D2_1

--- Aligning: D1_5 (stroke_d1) ---
  Mode: Paired-end
  Running HISAT2...
[bam_sort_core] merging from 32 files and 2 in-memory blocks...
  Indexing BAM...
  Flagstat...
  
  Done: D1_5

--- Aligning: D1_4 (stroke_d1) ---
  Mode: Paired-end
  Running HISAT2...
[bam_sort_core] merging from 32 files and 2 in-memory blocks...
  Indexing BAM...
  Flagstat...
  
  Done: D1_4

--- Aligning: D1_3 (stroke_d1) ---
  Mode: Paired-end
  Running HISAT2...
[bam_sort_core] merging from 31 files and 2 in-memory blocks...
  Indexing BAM...
  Flagstat...
  
  Done: D1_3

--- Aligning: D1_2 (stroke_d1) ---
  Mode: Paired-end
  Running HISAT2...
[bam_sort_core] merging from 30 files and 2 in-memory blocks...
  Indexing BAM...
  Flagstat...
  
  Done: D1_2

--- Aligning: D1_1 (stroke_d1) ---
  Mode: Paired-end
  Running HISAT2...
[bam_sort_core] merging from 1 files and 2 in-memory blocks...
  Indexing BAM...
  Flagstat...
  
  Done: D1_1

=== Alignment complete ===
    BAM files: /mnt/c/Users/arpit/Desktop/Genomics_project/data/aligned

=== Alignment Rate Summary ===
    D1_1: N/A
    D1_2: N/A
    D1_3: N/A
    D1_4: N/A
    D1_5: N/A
    D2_1: N/A
    D2_2: N/A
    D2_3: N/A
    D2_4: N/A
    D2_6: N/A
    NC_1: N/A
    NC_3: N/A
    NC_4: N/A
    NC_5: N/A
    NC_6: N/A

    Expected: >85% overall alignment rate for human PBMC data
